# JRE version: OpenJDK Runtime Environment GraalVM CE 22.3.0 (17.0.5+8) (build 17.0.5+8-jvmci-22.3-b08)
# Java VM: OpenJDK 64-Bit Server VM GraalVM CE 22.3.0 (17.0.5+8-jvmci-22.3-b08, mixed mode, sharing, tiered, jvmci, jvmci compiler, compressed oops, compressed class ptrs, parallel gc, linux-amd64)
GC Precious Log:
 CPUs: 8 total, 1 available
 Memory: 1024M
 Large Page Support: Disabled
 NUMA Support: Disabled
 Compressed Oops: Enabled (32-bit)
 Alignments: Space 512K, Generation 512K, Heap 2M
 Heap Min Capacity: 100M
 Heap Initial Capacity: 100M
 Heap Max Capacity: 512M
 Pre-touch: Disabled
 Parallel Workers: 1
Heap:
 PSYoungGen      total 57856K, used 37887K [0x00000000f5580000, 0x00000000fa800000, 0x0000000100000000)
  eden space 37888K, 99% used [0x00000000f5580000,0x00000000f7a7fff0,0x00000000f7a80000)
  from space 19968K, 0% used [0x00000000f9480000,0x00000000f9480000,0x00000000fa800000)
  to   space 15360K, 0% used [0x00000000f7a80000,0x00000000f7a80000,0x00000000f8980000)
 ParOldGen       total 349696K, used 349695K [0x00000000e0000000, 0x00000000f5580000, 0x00000000f5580000)
  object space 349696K, 99% used [0x00000000e0000000,0x00000000f557ffc8,0x00000000f5580000)
 Metaspace       used 60712K, committed 61824K, reserved 1105920K
  class space    used 5991K, committed 6400K, reserved 1048576K
GC Heap History (20 events):
Event: 925.973 GC heap before
{Heap before GC invocations=385 (full 301):
 PSYoungGen      total 57856K, used 37888K [0x00000000f5580000, 0x00000000fa800000, 0x0000000100000000)
  eden space 37888K, 100% used [0x00000000f5580000,0x00000000f7a80000,0x00000000f7a80000)
  from space 19968K, 0% used [0x00000000f9480000,0x00000000f9480000,0x00000000fa800000)
  to   space 15360K, 0% used [0x00000000f7a80000,0x00000000f7a80000,0x00000000f8980000)
 ParOldGen       total 349696K, used 349689K [0x00000000e0000000, 0x00000000f5580000, 0x00000000f5580000)
  object space 349696K, 99% used [0x00000000e0000000,0x00000000f557e7c8,0x00000000f5580000)
 Metaspace       used 60712K, committed 61824K, reserved 1105920K
  class space    used 5991K, committed 6400K, reserved 1048576K
}
Event: 928.522 GC heap after
{Heap after GC invocations=385 (full 301):
 PSYoungGen      total 53248K, used 37887K [0x00000000f5580000, 0x00000000fa800000, 0x0000000100000000)
  eden space 37888K, 99% used [0x00000000f5580000,0x00000000f7a7ffd0,0x00000000f7a80000)
  from space 15360K, 0% used [0x00000000f7a80000,0x00000000f7a80000,0x00000000f8980000)
  to   space 19968K, 0% used [0x00000000f9480000,0x00000000f9480000,0x00000000fa800000)
 ParOldGen       total 349696K, used 349689K [0x00000000e0000000, 0x00000000f5580000, 0x00000000f5580000)
  object space 349696K, 99% used [0x00000000e0000000,0x00000000f557e7c8,0x00000000f5580000)
 Metaspace       used 60712K, committed 61824K, reserved 1105920K
  class space    used 5991K, committed 6400K, reserved 1048576K
}
Event: 928.523 GC heap before
{Heap before GC invocations=386 (full 302):
 PSYoungGen      total 53248K, used 37888K [0x00000000f5580000, 0x00000000fa800000, 0x0000000100000000)
  eden space 37888K, 100% used [0x00000000f5580000,0x00000000f7a80000,0x00000000f7a80000)
  from space 15360K, 0% used [0x00000000f7a80000,0x00000000f7a80000,0x00000000f8980000)
  to   space 19968K, 0% used [0x00000000f9480000,0x00000000f9480000,0x00000000fa800000)
 ParOldGen       total 349696K, used 349689K [0x00000000e0000000, 0x00000000f5580000, 0x00000000f5580000)
  object space 349696K, 99% used [0x00000000e0000000,0x00000000f557e7c8,0x00000000f5580000)
 Metaspace       used 60712K, committed 61824K, reserved 1105920K
  class space    used 5991K, committed 6400K, reserved 1048576K
}
Event: 931.249 GC heap after
{Heap after GC invocations=386 (full 302):
 PSYoungGen      total 57856K, used 37887K [0x00000000f5580000, 0x00000000fa800000, 0x0000000100000000)
  eden space 37888K, 99% used [0x00000000f5580000,0x00000000f7a7ffd0,0x00000000f7a80000)
  from space 19968K, 0% used [0x00000000f9480000,0x00000000f9480000,0x00000000fa800000)
  to   space 15360K, 0% used [0x00000000f7a80000,0x00000000f7a80000,0x00000000f8980000)
 ParOldGen       total 349696K, used 349689K [0x00000000e0000000, 0x00000000f5580000, 0x00000000f5580000)
  object space 349696K, 99% used [0x00000000e0000000,0x00000000f557e7c8,0x00000000f5580000)
 Metaspace       used 60712K, committed 61824K, reserved 1105920K
  class space    used 5991K, committed 6400K, reserved 1048576K
}
Event: 931.249 GC heap before
{Heap before GC invocations=387 (full 303):
 PSYoungGen      total 57856K, used 37888K [0x00000000f5580000, 0x00000000fa800000, 0x0000000100000000)
  eden space 37888K, 100% used [0x00000000f5580000,0x00000000f7a80000,0x00000000f7a80000)
  from space 19968K, 0% used [0x00000000f9480000,0x00000000f9480000,0x00000000fa800000)
  to   space 15360K, 0% used [0x00000000f7a80000,0x00000000f7a80000,0x00000000f8980000)
 ParOldGen       total 349696K, used 349689K [0x00000000e0000000, 0x00000000f5580000, 0x00000000f5580000)
  object space 349696K, 99% used [0x00000000e0000000,0x00000000f557e7c8,0x00000000f5580000)
 Metaspace       used 60712K, committed 61824K, reserved 1105920K
  class space    used 5991K, committed 6400K, reserved 1048576K
}
Event: 934.121 GC heap after
{Heap after GC invocations=387 (full 303):
 PSYoungGen      total 53248K, used 37887K [0x00000000f5580000, 0x00000000fa800000, 0x0000000100000000)
  eden space 37888K, 99% used [0x00000000f5580000,0x00000000f7a7ffd0,0x00000000f7a80000)
  from space 15360K, 0% used [0x00000000f7a80000,0x00000000f7a80000,0x00000000f8980000)
  to   space 19968K, 0% used [0x00000000f9480000,0x00000000f9480000,0x00000000fa800000)
 ParOldGen       total 349696K, used 349689K [0x00000000e0000000, 0x00000000f5580000, 0x00000000f5580000)
  object space 349696K, 99% used [0x00000000e0000000,0x00000000f557e7a8,0x00000000f5580000)
 Metaspace       used 60712K, committed 61824K, reserved 1105920K
  class space    used 5991K, committed 6400K, reserved 1048576K
}
Event: 934.121 GC heap before
{Heap before GC invocations=388 (full 304):
 PSYoungGen      total 53248K, used 37888K [0x00000000f5580000, 0x00000000fa800000, 0x0000000100000000)
  eden space 37888K, 100% used [0x00000000f5580000,0x00000000f7a80000,0x00000000f7a80000)
  from space 15360K, 0% used [0x00000000f7a80000,0x00000000f7a80000,0x00000000f8980000)
  to   space 19968K, 0% used [0x00000000f9480000,0x00000000f9480000,0x00000000fa800000)
 ParOldGen       total 349696K, used 349689K [0x00000000e0000000, 0x00000000f5580000, 0x00000000f5580000)
  object space 349696K, 99% used [0x00000000e0000000,0x00000000f557e7a8,0x00000000f5580000)
 Metaspace       used 60712K, committed 61824K, reserved 1105920K
  class space    used 5991K, committed 6400K, reserved 1048576K
}
Event: 936.846 GC heap after
{Heap after GC invocations=388 (full 304):
 PSYoungGen      total 57856K, used 37887K [0x00000000f5580000, 0x00000000fa800000, 0x0000000100000000)
  eden space 37888K, 99% used [0x00000000f5580000,0x00000000f7a7ffd0,0x00000000f7a80000)
  from space 19968K, 0% used [0x00000000f9480000,0x00000000f9480000,0x00000000fa800000)
  to   space 15360K, 0% used [0x00000000f7a80000,0x00000000f7a80000,0x00000000f8980000)
 ParOldGen       total 349696K, used 349689K [0x00000000e0000000, 0x00000000f5580000, 0x00000000f5580000)
  object space 349696K, 99% used [0x00000000e0000000,0x00000000f557e7a8,0x00000000f5580000)
 Metaspace       used 60712K, committed 61824K, reserved 1105920K
  class space    used 5991K, committed 6400K, reserved 1048576K
}
Event: 936.846 GC heap before
{Heap before GC invocations=389 (full 305):
 PSYoungGen      total 57856K, used 37888K [0x00000000f5580000, 0x00000000fa800000, 0x0000000100000000)
  eden space 37888K, 100% used [0x00000000f5580000,0x00000000f7a80000,0x00000000f7a80000)
  from space 19968K, 0% used [0x00000000f9480000,0x00000000f9480000,0x00000000fa800000)
  to   space 15360K, 0% used [0x00000000f7a80000,0x00000000f7a80000,0x00000000f8980000)
 ParOldGen       total 349696K, used 349689K [0x00000000e0000000, 0x00000000f5580000, 0x00000000f5580000)
  object space 349696K, 99% used [0x00000000e0000000,0x00000000f557e7a8,0x00000000f5580000)
 Metaspace       used 60712K, committed 61824K, reserved 1105920K
  class space    used 5991K, committed 6400K, reserved 1048576K
}
Event: 939.603 GC heap after
{Heap after GC invocations=389 (full 305):
 PSYoungGen      total 53248K, used 37887K [0x00000000f5580000, 0x00000000fa800000, 0x0000000100000000)
  eden space 37888K, 99% used [0x00000000f5580000,0x00000000f7a7fff0,0x00000000f7a80000)
  from space 15360K, 0% used [0x00000000f7a80000,0x00000000f7a80000,0x00000000f8980000)
  to   space 19968K, 0% used [0x00000000f9480000,0x00000000f9480000,0x00000000fa800000)
 ParOldGen       total 349696K, used 349689K [0x00000000e0000000, 0x00000000f5580000, 0x00000000f5580000)
  object space 349696K, 99% used [0x00000000e0000000,0x00000000f557e7a8,0x00000000f5580000)
 Metaspace       used 60712K, committed 61824K, reserved 1105920K
  class space    used 5991K, committed 6400K, reserved 1048576K
}
Event: 939.604 GC heap before
{Heap before GC invocations=390 (full 306):
 PSYoungGen      total 53248K, used 37888K [0x00000000f5580000, 0x00000000fa800000, 0x0000000100000000)
  eden space 37888K, 100% used [0x00000000f5580000,0x00000000f7a80000,0x00000000f7a80000)
  from space 15360K, 0% used [0x00000000f7a80000,0x00000000f7a80000,0x00000000f8980000)
  to   space 19968K, 0% used [0x00000000f9480000,0x00000000f9480000,0x00000000fa800000)
 ParOldGen       total 349696K, used 349689K [0x00000000e0000000, 0x00000000f5580000, 0x00000000f5580000)
  object space 349696K, 99% used [0x00000000e0000000,0x00000000f557e7a8,0x00000000f5580000)
 Metaspace       used 60712K, committed 61824K, reserved 1105920K
  class space    used 5991K, committed 6400K, reserved 1048576K
}
Event: 942.212 GC heap after
{Heap after GC invocations=390 (full 306):
 PSYoungGen      total 57856K, used 37887K [0x00000000f5580000, 0x00000000fa800000, 0x0000000100000000)
  eden space 37888K, 99% used [0x00000000f5580000,0x00000000f7a7fff0,0x00000000f7a80000)
  from space 19968K, 0% used [0x00000000f9480000,0x00000000f9480000,0x00000000fa800000)
  to   space 15360K, 0% used [0x00000000f7a80000,0x00000000f7a80000,0x00000000f8980000)
 ParOldGen       total 349696K, used 349689K [0x00000000e0000000, 0x00000000f5580000, 0x00000000f5580000)
  object space 349696K, 99% used [0x00000000e0000000,0x00000000f557e788,0x00000000f5580000)
 Metaspace       used 60712K, committed 61824K, reserved 1105920K
  class space    used 5991K, committed 6400K, reserved 1048576K
}
Event: 942.213 GC heap before
{Heap before GC invocations=391 (full 307):
 PSYoungGen      total 57856K, used 37888K [0x00000000f5580000, 0x00000000fa800000, 0x0000000100000000)
  eden space 37888K, 100% used [0x00000000f5580000,0x00000000f7a80000,0x00000000f7a80000)
  from space 19968K, 0% used [0x00000000f9480000,0x00000000f9480000,0x00000000fa800000)
  to   space 15360K, 0% used [0x00000000f7a80000,0x00000000f7a80000,0x00000000f8980000)
 ParOldGen       total 349696K, used 349694K [0x00000000e0000000, 0x00000000f5580000, 0x00000000f5580000)
  object space 349696K, 99% used [0x00000000e0000000,0x00000000f557fb00,0x00000000f5580000)
 Metaspace       used 60712K, committed 61824K, reserved 1105920K
  class space    used 5991K, committed 6400K, reserved 1048576K
}
Event: 945.321 GC heap after
{Heap after GC invocations=391 (full 307):
 PSYoungGen      total 53248K, used 37887K [0x00000000f5580000, 0x00000000fa800000, 0x0000000100000000)
  eden space 37888K, 99% used [0x00000000f5580000,0x00000000f7a7ff40,0x00000000f7a80000)
  from space 15360K, 0% used [0x00000000f7a80000,0x00000000f7a80000,0x00000000f8980000)
  to   space 19968K, 0% used [0x00000000f9480000,0x00000000f9480000,0x00000000fa800000)
 ParOldGen       total 349696K, used 349694K [0x00000000e0000000, 0x00000000f5580000, 0x00000000f5580000)
  object space 349696K, 99% used [0x00000000e0000000,0x00000000f557fa08,0x00000000f5580000)
 Metaspace       used 60712K, committed 61824K, reserved 1105920K
  class space    used 5991K, committed 6400K, reserved 1048576K
}
Event: 945.321 GC heap before
{Heap before GC invocations=392 (full 308):
 PSYoungGen      total 53248K, used 37887K [0x00000000f5580000, 0x00000000fa800000, 0x0000000100000000)
  eden space 37888K, 99% used [0x00000000f5580000,0x00000000f7a7ffa0,0x00000000f7a80000)
  from space 15360K, 0% used [0x00000000f7a80000,0x00000000f7a80000,0x00000000f8980000)
  to   space 19968K, 0% used [0x00000000f9480000,0x00000000f9480000,0x00000000fa800000)
 ParOldGen       total 349696K, used 349694K [0x00000000e0000000, 0x00000000f5580000, 0x00000000f5580000)
  object space 349696K, 99% used [0x00000000e0000000,0x00000000f557fa08,0x00000000f5580000)
 Metaspace       used 60712K, committed 61824K, reserved 1105920K
  class space    used 5991K, committed 6400K, reserved 1048576K
}
Event: 948.246 GC heap after
{Heap after GC invocations=392 (full 308):
 PSYoungGen      total 57856K, used 37887K [0x00000000f5580000, 0x00000000fa800000, 0x0000000100000000)
  eden space 37888K, 99% used [0x00000000f5580000,0x00000000f7a7ff50,0x00000000f7a80000)
  from space 19968K, 0% used [0x00000000f9480000,0x00000000f9480000,0x00000000fa800000)
  to   space 15360K, 0% used [0x00000000f7a80000,0x00000000f7a80000,0x00000000f8980000)
 ParOldGen       total 349696K, used 349694K [0x00000000e0000000, 0x00000000f5580000, 0x00000000f5580000)
  object space 349696K, 99% used [0x00000000e0000000,0x00000000f557fa08,0x00000000f5580000)
 Metaspace       used 60712K, committed 61824K, reserved 1105920K
  class space    used 5991K, committed 6400K, reserved 1048576K
}
Event: 948.251 GC heap before
{Heap before GC invocations=393 (full 309):
 PSYoungGen      total 57856K, used 37888K [0x00000000f5580000, 0x00000000fa800000, 0x0000000100000000)
  eden space 37888K, 100% used [0x00000000f5580000,0x00000000f7a80000,0x00000000f7a80000)
  from space 19968K, 0% used [0x00000000f9480000,0x00000000f9480000,0x00000000fa800000)
  to   space 15360K, 0% used [0x00000000f7a80000,0x00000000f7a80000,0x00000000f8980000)
 ParOldGen       total 349696K, used 349695K [0x00000000e0000000, 0x00000000f5580000, 0x00000000f5580000)
  object space 349696K, 99% used [0x00000000e0000000,0x00000000f557ffa0,0x00000000f5580000)
 Metaspace       used 60712K, committed 61824K, reserved 1105920K
  class space    used 5991K, committed 6400K, reserved 1048576K
}
Event: 951.094 GC heap after
{Heap after GC invocations=393 (full 309):
 PSYoungGen      total 53248K, used 37887K [0x00000000f5580000, 0x00000000fa800000, 0x0000000100000000)
  eden space 37888K, 99% used [0x00000000f5580000,0x00000000f7a7ff40,0x00000000f7a80000)
  from space 15360K, 0% used [0x00000000f7a80000,0x00000000f7a80000,0x00000000f8980000)
  to   space 19968K, 0% used [0x00000000f9480000,0x00000000f9480000,0x00000000fa800000)
 ParOldGen       total 349696K, used 349695K [0x00000000e0000000, 0x00000000f5580000, 0x00000000f5580000)
  object space 349696K, 99% used [0x00000000e0000000,0x00000000f557fc88,0x00000000f5580000)
 Metaspace       used 60712K, committed 61824K, reserved 1105920K
  class space    used 5991K, committed 6400K, reserved 1048576K
}
Event: 951.094 GC heap before
{Heap before GC invocations=394 (full 310):
 PSYoungGen      total 53248K, used 37887K [0x00000000f5580000, 0x00000000fa800000, 0x0000000100000000)
  eden space 37888K, 99% used [0x00000000f5580000,0x00000000f7a7ff40,0x00000000f7a80000)
  from space 15360K, 0% used [0x00000000f7a80000,0x00000000f7a80000,0x00000000f8980000)
  to   space 19968K, 0% used [0x00000000f9480000,0x00000000f9480000,0x00000000fa800000)
 ParOldGen       total 349696K, used 349695K [0x00000000e0000000, 0x00000000f5580000, 0x00000000f5580000)
  object space 349696K, 99% used [0x00000000e0000000,0x00000000f557fc88,0x00000000f5580000)
 Metaspace       used 60712K, committed 61824K, reserved 1105920K
  class space    used 5991K, committed 6400K, reserved 1048576K
}
Event: 953.725 GC heap after
{Heap after GC invocations=394 (full 310):
 PSYoungGen      total 57856K, used 37887K [0x00000000f5580000, 0x00000000fa800000, 0x0000000100000000)
  eden space 37888K, 99% used [0x00000000f5580000,0x00000000f7a7ff40,0x00000000f7a80000)
  from space 19968K, 0% used [0x00000000f9480000,0x00000000f9480000,0x00000000fa800000)
  to   space 15360K, 0% used [0x00000000f7a80000,0x00000000f7a80000,0x00000000f8980000)
 ParOldGen       total 349696K, used 349695K [0x00000000e0000000, 0x00000000f5580000, 0x00000000f5580000)
  object space 349696K, 99% used [0x00000000e0000000,0x00000000f557fc88,0x00000000f5580000)
 Metaspace       used 60712K, committed 61824K, reserved 1105920K
  class space    used 5991K, committed 6400K, reserved 1048576K
}

